f:\repos\lifeofal\senior_project\toolpathgen\toolpathgen\x64\debug\vc142.pdb
f:\repos\lifeofal\senior_project\toolpathgen\toolpathgen\x64\debug\vc142.idb
f:\repos\lifeofal\senior_project\toolpathgen\toolpathgen\x64\debug\toolpathgen.obj
f:\repos\lifeofal\senior_project\toolpathgen\toolpathgen\x64\debug\triangle.obj
f:\repos\lifeofal\senior_project\toolpathgen\toolpathgen\x64\debug\toolpath_settings.obj
f:\repos\lifeofal\senior_project\toolpathgen\toolpathgen\x64\debug\toolpath_gen.obj
f:\repos\lifeofal\senior_project\toolpathgen\toolpathgen\x64\debug\perimeter.obj
f:\repos\lifeofal\senior_project\toolpathgen\toolpathgen\x64\debug\mesh.obj
f:\repos\lifeofal\senior_project\toolpathgen\toolpathgen\x64\debug\lines.obj
f:\repos\lifeofal\senior_project\toolpathgen\toolpathgen\x64\debug\layer.obj
f:\repos\lifeofal\senior_project\toolpathgen\x64\debug\toolpathgen.pdb
f:\repos\lifeofal\senior_project\toolpathgen\toolpathgen\x64\debug\toolpathgen.tlog\cl.command.1.tlog
f:\repos\lifeofal\senior_project\toolpathgen\toolpathgen\x64\debug\toolpathgen.tlog\cl.read.1.tlog
f:\repos\lifeofal\senior_project\toolpathgen\toolpathgen\x64\debug\toolpathgen.tlog\cl.write.1.tlog
f:\repos\lifeofal\senior_project\toolpathgen\toolpathgen\x64\debug\toolpathgen.tlog\link-cvtres.read.1.tlog
f:\repos\lifeofal\senior_project\toolpathgen\toolpathgen\x64\debug\toolpathgen.tlog\link-cvtres.write.1.tlog
f:\repos\lifeofal\senior_project\toolpathgen\toolpathgen\x64\debug\toolpathgen.tlog\link-rc.read.1.tlog
f:\repos\lifeofal\senior_project\toolpathgen\toolpathgen\x64\debug\toolpathgen.tlog\link-rc.write.1.tlog
f:\repos\lifeofal\senior_project\toolpathgen\toolpathgen\x64\debug\toolpathgen.tlog\link.command.1.tlog
f:\repos\lifeofal\senior_project\toolpathgen\toolpathgen\x64\debug\toolpathgen.tlog\link.read.1.tlog
f:\repos\lifeofal\senior_project\toolpathgen\toolpathgen\x64\debug\toolpathgen.tlog\link.write.1.tlog
